14:57:14.312 [pool-1-thread-2] INFO  o.a.AndroidAnnotationProcessor:85 - Initialize AndroidAnnotations 3.0.1 with options {}
14:57:14.415 [pool-1-thread-2] INFO  o.a.AndroidAnnotationProcessor:109 - Start processing for 5 annotations on 10 elements
14:57:14.421 [pool-1-thread-2] DEBUG o.a.h.AndroidManifestFinder:137 - AndroidManifest.xml file found in parent folder /Users/allendang/Documents/AndroidCode/shanpowmobileandroid: /Users/allendang/Documents/AndroidCode/shanpowmobileandroid/AndroidManifest.xml
14:57:14.440 [pool-1-thread-2] INFO  o.a.AndroidAnnotationProcessor:172 - AndroidManifest.xml found: AndroidManifest [applicationPackage=com.shanpow.app, componentQualifiedNames=[com.shanpow.app.MyActivity_], permissionQualifiedNames=[android.permission.INTERNET], applicationClassName=null, libraryProject=false, debugabble=false, minSdkVersion=8, maxSdkVersion=-1, targetSdkVersion=-1]
14:57:14.441 [pool-1-thread-2] INFO  o.a.r.ProjectRClassFinder:50 - Found project R class: com.shanpow.app.R
14:57:14.445 [pool-1-thread-2] INFO  o.a.r.AndroidRClassFinder:44 - Found Android class: android.R
14:57:14.477 [pool-1-thread-2] INFO  o.a.p.ModelValidator:42 - Validating elements
14:57:14.478 [pool-1-thread-2] DEBUG o.a.p.ModelValidator:62 - Validating with EActivityHandler: [com.shanpow.app.MyActivity]
14:57:14.484 [pool-1-thread-2] DEBUG o.a.p.ModelValidator:62 - Validating with ViewByIdHandler: [editText, editTextSearch, okButton]
14:57:14.489 [pool-1-thread-2] DEBUG o.a.p.ModelValidator:62 - Validating with ClickHandler: [okButtonClicked()]
14:57:14.492 [pool-1-thread-2] DEBUG o.a.p.ModelValidator:62 - Validating with UiThreadHandler: [updateUi(java.lang.String), showToast(java.lang.String)]
14:57:14.492 [pool-1-thread-2] DEBUG o.a.p.ModelValidator:62 - Validating with BackgroundHandler: [onSearch(java.lang.String)]
14:57:14.506 [pool-1-thread-2] INFO  o.a.p.ModelProcessor:73 - Processing root elements
14:57:14.506 [pool-1-thread-2] DEBUG o.a.p.ModelProcessor:80 - Processing root elements EActivityHandler: [com.shanpow.app.MyActivity]
14:57:14.545 [pool-1-thread-2] INFO  o.a.p.ModelProcessor:104 - Processing enclosed elements
14:57:14.558 [pool-1-thread-2] INFO  o.a.AndroidAnnotationProcessor:251 - Number of files generated by AndroidAnnotations: 1
14:57:14.560 [pool-1-thread-2] INFO  o.a.g.ApiCodeGenerator:52 - Writting following API classes in project: []
14:57:14.563 [pool-1-thread-2] DEBUG o.a.g.SourceCodewriter:55 - Generating class: com.shanpow.app.MyActivity_
14:57:14.597 [pool-1-thread-2] INFO  o.a.p.TimeStats:81 - Time measurements: [Whole Processing = 182 ms], [Process Annotations = 65 ms], [Generate Sources = 39 ms], [Extract Manifest = 21 ms], [Find R Classes = 21 ms], [Validate Annotations = 17 ms], [Extract Annotations = 3 ms], 
14:57:14.597 [pool-1-thread-2] INFO  o.a.AndroidAnnotationProcessor:123 - Finish processing
